<?xml version="1.0" encoding="UTF-8"?>
<!-- Generated by org.testng.reporters.JUnitXMLReporter -->
<testsuite ignored="0" hostname="LAPTOP-6BCBJ26G" failures="0" tests="2" name="Default test" time="24.331" errors="0" timestamp="05 Jul 2022 02:01:02 GMT">
  <testcase classname="selenium.Level_00_Register_Login_Step_By_Step" name="TC_01_Register" time="10.357"/>
  <testcase classname="selenium.Level_00_Register_Login_Step_By_Step" name="TC_02_Login" time="5.776"/>
</testsuite> <!-- Default test -->
