<?xml version="1.0" encoding="UTF-8"?>
<!-- Generated by org.testng.reporters.JUnitXMLReporter -->
<testsuite ignored="0" hostname="LAPTOP-6BCBJ26G" failures="0" tests="2" name="Run on FIREFOX" time="36.253" errors="0" timestamp="05 Jul 2022 04:31:26 GMT">
  <testcase classname="selenium.Level_00_Register_Login_Step_By_Step" name="TC_01_Register" time="10.607"/>
  <testcase classname="selenium.Level_00_Register_Login_Step_By_Step" name="TC_02_Login" time="5.754"/>
</testsuite> <!-- Run on FIREFOX -->
